INFO:root:Saved to File
INFO:root:Program Started
INFO:root:n = 200
INFO:root:d = 0.01
INFO:root:v = 0.01
INFO:root:dt = 1
INFO:root:eta = 0.1
INFO:root:Saved to File
INFO:root:Program Started
INFO:root:n = 200
INFO:root:d = 0.01
INFO:root:v = 0.01
INFO:root:dt = 1
INFO:root:eta = 0.1
INFO:root:Saved to File
INFO:root:Program Started
INFO:root:n = 200
INFO:root:d = 0.01
INFO:root:v = 0.01
INFO:root:dt = 1
INFO:root:eta = 0.1
INFO:root:Saved to File
INFO:root:Program Started
INFO:root:n = 200
INFO:root:d = 0.01
INFO:root:v = 0.01
INFO:root:dt = 1
INFO:root:eta = 0.1
INFO:root:Saved to File
INFO:root:Program Started
INFO:root:n = 200
INFO:root:d = 0.01
INFO:root:v = 0.01
INFO:root:dt = 1
INFO:root:eta = 0.1
